{"C:\\Users\\Kaveh\\Desktop\\redux practice\\src\\store\\api.js": {"path":"C:\\Users\\Kaveh\\Desktop\\redux practice\\src\\store\\api.js","statementMap":{"0":{"start":{"line":3,"column":28},"end":{"line":3,"column":57}},"1":{"start":{"line":4,"column":30},"end":{"line":4,"column":61}},"2":{"start":{"line":5,"column":29},"end":{"line":5,"column":59}}},"fnMap":{},"branchMap":{},"s":{"0":1,"1":1,"2":1},"f":{},"b":{},"_coverageSchema":"1a1c01bbd47fc00a2c39e90264f33305004495a9","hash":"bcc709e3367694da1032d9d2b1d7850b28949b94"}
,"C:\\Users\\Kaveh\\Desktop\\redux practice\\src\\store\\bugs.js": {"path":"C:\\Users\\Kaveh\\Desktop\\redux practice\\src\\store\\bugs.js","statementMap":{"0":{"start":{"line":6,"column":14},"end":{"line":51,"column":2}},"1":{"start":{"line":17,"column":6},"end":{"line":17,"column":26}},"2":{"start":{"line":21,"column":6},"end":{"line":21,"column":33}},"3":{"start":{"line":22,"column":6},"end":{"line":22,"column":27}},"4":{"start":{"line":23,"column":6},"end":{"line":23,"column":34}},"5":{"start":{"line":27,"column":6},"end":{"line":27,"column":27}},"6":{"start":{"line":31,"column":6},"end":{"line":31,"column":37}},"7":{"start":{"line":35,"column":6},"end":{"line":35,"column":69}},"8":{"start":{"line":35,"column":39},"end":{"line":35,"column":67}},"9":{"start":{"line":39,"column":20},"end":{"line":41,"column":7}},"10":{"start":{"line":40,"column":17},"end":{"line":40,"column":47}},"11":{"start":{"line":42,"column":6},"end":{"line":42,"column":40}},"12":{"start":{"line":46,"column":29},"end":{"line":46,"column":43}},"13":{"start":{"line":47,"column":20},"end":{"line":47,"column":67}},"14":{"start":{"line":47,"column":49},"end":{"line":47,"column":66}},"15":{"start":{"line":48,"column":6},"end":{"line":48,"column":40}},"16":{"start":{"line":61,"column":4},"end":{"line":61,"column":17}},"17":{"start":{"line":68,"column":33},"end":{"line":71,"column":1}},"18":{"start":{"line":69,"column":13},"end":{"line":69,"column":32}},"19":{"start":{"line":70,"column":12},"end":{"line":70,"column":47}},"20":{"start":{"line":70,"column":33},"end":{"line":70,"column":46}},"21":{"start":{"line":73,"column":29},"end":{"line":77,"column":3}},"22":{"start":{"line":74,"column":2},"end":{"line":77,"column":3}},"23":{"start":{"line":75,"column":15},"end":{"line":75,"column":34}},"24":{"start":{"line":76,"column":14},"end":{"line":76,"column":57}},"25":{"start":{"line":76,"column":35},"end":{"line":76,"column":56}},"26":{"start":{"line":80,"column":12},"end":{"line":80,"column":19}},"27":{"start":{"line":81,"column":24},"end":{"line":96,"column":1}},"28":{"start":{"line":81,"column":30},"end":{"line":96,"column":1}},"29":{"start":{"line":82,"column":24},"end":{"line":82,"column":48}},"30":{"start":{"line":84,"column":24},"end":{"line":84,"column":67}},"31":{"start":{"line":86,"column":2},"end":{"line":86,"column":33}},"32":{"start":{"line":86,"column":26},"end":{"line":86,"column":33}},"33":{"start":{"line":88,"column":2},"end":{"line":95,"column":4}},"34":{"start":{"line":98,"column":22},"end":{"line":107,"column":1}},"35":{"start":{"line":99,"column":2},"end":{"line":106,"column":5}},"36":{"start":{"line":109,"column":27},"end":{"line":117,"column":4}},"37":{"start":{"line":110,"column":2},"end":{"line":117,"column":4}},"38":{"start":{"line":119,"column":27},"end":{"line":127,"column":4}},"39":{"start":{"line":120,"column":2},"end":{"line":127,"column":4}}},"fnMap":{"0":{"name":"(anonymous_0)","decl":{"start":{"line":16,"column":19},"end":{"line":16,"column":20}},"loc":{"start":{"line":16,"column":37},"end":{"line":18,"column":5}},"line":16},"1":{"name":"(anonymous_1)","decl":{"start":{"line":20,"column":18},"end":{"line":20,"column":19}},"loc":{"start":{"line":20,"column":36},"end":{"line":24,"column":5}},"line":20},"2":{"name":"(anonymous_2)","decl":{"start":{"line":26,"column":23},"end":{"line":26,"column":24}},"loc":{"start":{"line":26,"column":41},"end":{"line":28,"column":5}},"line":26},"3":{"name":"(anonymous_3)","decl":{"start":{"line":30,"column":14},"end":{"line":30,"column":15}},"loc":{"start":{"line":30,"column":32},"end":{"line":32,"column":5}},"line":30},"4":{"name":"(anonymous_4)","decl":{"start":{"line":34,"column":16},"end":{"line":34,"column":17}},"loc":{"start":{"line":34,"column":34},"end":{"line":36,"column":5}},"line":34},"5":{"name":"(anonymous_5)","decl":{"start":{"line":35,"column":30},"end":{"line":35,"column":31}},"loc":{"start":{"line":35,"column":39},"end":{"line":35,"column":67}},"line":35},"6":{"name":"(anonymous_6)","decl":{"start":{"line":38,"column":17},"end":{"line":38,"column":18}},"loc":{"start":{"line":38,"column":35},"end":{"line":43,"column":5}},"line":38},"7":{"name":"(anonymous_7)","decl":{"start":{"line":40,"column":8},"end":{"line":40,"column":9}},"loc":{"start":{"line":40,"column":17},"end":{"line":40,"column":47}},"line":40},"8":{"name":"(anonymous_8)","decl":{"start":{"line":45,"column":23},"end":{"line":45,"column":24}},"loc":{"start":{"line":45,"column":41},"end":{"line":49,"column":5}},"line":45},"9":{"name":"(anonymous_9)","decl":{"start":{"line":47,"column":40},"end":{"line":47,"column":41}},"loc":{"start":{"line":47,"column":49},"end":{"line":47,"column":66}},"line":47},"10":{"name":"(anonymous_10)","decl":{"start":{"line":69,"column":2},"end":{"line":69,"column":3}},"loc":{"start":{"line":69,"column":13},"end":{"line":69,"column":32}},"line":69},"11":{"name":"(anonymous_11)","decl":{"start":{"line":70,"column":2},"end":{"line":70,"column":3}},"loc":{"start":{"line":70,"column":12},"end":{"line":70,"column":47}},"line":70},"12":{"name":"(anonymous_12)","decl":{"start":{"line":70,"column":24},"end":{"line":70,"column":25}},"loc":{"start":{"line":70,"column":33},"end":{"line":70,"column":46}},"line":70},"13":{"name":"(anonymous_13)","decl":{"start":{"line":73,"column":29},"end":{"line":73,"column":30}},"loc":{"start":{"line":74,"column":2},"end":{"line":77,"column":3}},"line":74},"14":{"name":"(anonymous_14)","decl":{"start":{"line":75,"column":4},"end":{"line":75,"column":5}},"loc":{"start":{"line":75,"column":15},"end":{"line":75,"column":34}},"line":75},"15":{"name":"(anonymous_15)","decl":{"start":{"line":76,"column":4},"end":{"line":76,"column":5}},"loc":{"start":{"line":76,"column":14},"end":{"line":76,"column":57}},"line":76},"16":{"name":"(anonymous_16)","decl":{"start":{"line":76,"column":26},"end":{"line":76,"column":27}},"loc":{"start":{"line":76,"column":35},"end":{"line":76,"column":56}},"line":76},"17":{"name":"(anonymous_17)","decl":{"start":{"line":81,"column":24},"end":{"line":81,"column":25}},"loc":{"start":{"line":81,"column":30},"end":{"line":96,"column":1}},"line":81},"18":{"name":"(anonymous_18)","decl":{"start":{"line":81,"column":30},"end":{"line":81,"column":31}},"loc":{"start":{"line":81,"column":54},"end":{"line":96,"column":1}},"line":81},"19":{"name":"(anonymous_19)","decl":{"start":{"line":98,"column":22},"end":{"line":98,"column":23}},"loc":{"start":{"line":98,"column":31},"end":{"line":107,"column":1}},"line":98},"20":{"name":"(anonymous_20)","decl":{"start":{"line":109,"column":27},"end":{"line":109,"column":28}},"loc":{"start":{"line":110,"column":2},"end":{"line":117,"column":4}},"line":110},"21":{"name":"(anonymous_21)","decl":{"start":{"line":119,"column":27},"end":{"line":119,"column":28}},"loc":{"start":{"line":120,"column":2},"end":{"line":127,"column":4}},"line":120}},"branchMap":{"0":{"loc":{"start":{"line":86,"column":2},"end":{"line":86,"column":33}},"type":"if","locations":[{"start":{"line":86,"column":2},"end":{"line":86,"column":33}},{"start":{"line":86,"column":2},"end":{"line":86,"column":33}}],"line":86}},"s":{"0":1,"1":2,"2":0,"3":0,"4":0,"5":1,"6":1,"7":0,"8":0,"9":0,"10":0,"11":0,"12":0,"13":0,"14":0,"15":0,"16":1,"17":1,"18":0,"19":0,"20":0,"21":1,"22":0,"23":0,"24":0,"25":0,"26":1,"27":1,"28":0,"29":0,"30":0,"31":0,"32":0,"33":0,"34":1,"35":2,"36":1,"37":0,"38":1,"39":0},"f":{"0":2,"1":0,"2":1,"3":1,"4":0,"5":0,"6":0,"7":0,"8":0,"9":0,"10":0,"11":0,"12":0,"13":0,"14":0,"15":0,"16":0,"17":0,"18":0,"19":2,"20":0,"21":0},"b":{"0":[0,0]},"_coverageSchema":"1a1c01bbd47fc00a2c39e90264f33305004495a9","hash":"271ffa4b688fc474f007ff1a584236e6b1a128bc"}
,"C:\\Users\\Kaveh\\Desktop\\redux practice\\src\\store\\configureStore.js": {"path":"C:\\Users\\Kaveh\\Desktop\\redux practice\\src\\store\\configureStore.js","statementMap":{"0":{"start":{"line":11,"column":2},"end":{"line":16,"column":5}}},"fnMap":{"0":{"name":"(anonymous_0)","decl":{"start":{"line":10,"column":15},"end":{"line":10,"column":16}},"loc":{"start":{"line":10,"column":27},"end":{"line":17,"column":1}},"line":10}},"branchMap":{},"s":{"0":2},"f":{"0":2},"b":{},"_coverageSchema":"1a1c01bbd47fc00a2c39e90264f33305004495a9","hash":"396d9dee2453512501f6e90740c6f9cd9af40705"}
,"C:\\Users\\Kaveh\\Desktop\\redux practice\\src\\store\\entities.js": {"path":"C:\\Users\\Kaveh\\Desktop\\redux practice\\src\\store\\entities.js","statementMap":{},"fnMap":{},"branchMap":{},"s":{},"f":{},"b":{},"_coverageSchema":"1a1c01bbd47fc00a2c39e90264f33305004495a9","hash":"e7c5159c5db50f822cf7fb0cab5d87f57f970799"}
,"C:\\Users\\Kaveh\\Desktop\\redux practice\\src\\store\\projects.js": {"path":"C:\\Users\\Kaveh\\Desktop\\redux practice\\src\\store\\projects.js","statementMap":{"0":{"start":{"line":3,"column":13},"end":{"line":3,"column":14}},"1":{"start":{"line":4,"column":14},"end":{"line":18,"column":2}},"2":{"start":{"line":9,"column":6},"end":{"line":12,"column":9}},"3":{"start":{"line":15,"column":6},"end":{"line":15,"column":76}},"4":{"start":{"line":15,"column":42},"end":{"line":15,"column":74}},"5":{"start":{"line":20,"column":48},"end":{"line":20,"column":61}}},"fnMap":{"0":{"name":"(anonymous_0)","decl":{"start":{"line":8,"column":18},"end":{"line":8,"column":19}},"loc":{"start":{"line":8,"column":40},"end":{"line":13,"column":5}},"line":8},"1":{"name":"(anonymous_1)","decl":{"start":{"line":14,"column":20},"end":{"line":14,"column":21}},"loc":{"start":{"line":14,"column":42},"end":{"line":16,"column":5}},"line":14},"2":{"name":"(anonymous_2)","decl":{"start":{"line":15,"column":29},"end":{"line":15,"column":30}},"loc":{"start":{"line":15,"column":42},"end":{"line":15,"column":74}},"line":15}},"branchMap":{},"s":{"0":1,"1":1,"2":0,"3":0,"4":0,"5":1},"f":{"0":0,"1":0,"2":0},"b":{},"_coverageSchema":"1a1c01bbd47fc00a2c39e90264f33305004495a9","hash":"4befd7919ffe60f104c6776d64d6bbdbdd14cc46"}
,"C:\\Users\\Kaveh\\Desktop\\redux practice\\src\\store\\reducer.js": {"path":"C:\\Users\\Kaveh\\Desktop\\redux practice\\src\\store\\reducer.js","statementMap":{},"fnMap":{},"branchMap":{},"s":{},"f":{},"b":{},"_coverageSchema":"1a1c01bbd47fc00a2c39e90264f33305004495a9","hash":"66d680659b8184f65ebdae7c68d1ca69ec371187"}
,"C:\\Users\\Kaveh\\Desktop\\redux practice\\src\\store\\users.js": {"path":"C:\\Users\\Kaveh\\Desktop\\redux practice\\src\\store\\users.js","statementMap":{"0":{"start":{"line":3,"column":13},"end":{"line":3,"column":14}},"1":{"start":{"line":4,"column":14},"end":{"line":15,"column":2}},"2":{"start":{"line":9,"column":6},"end":{"line":12,"column":9}},"3":{"start":{"line":17,"column":29},"end":{"line":17,"column":42}}},"fnMap":{"0":{"name":"(anonymous_0)","decl":{"start":{"line":8,"column":15},"end":{"line":8,"column":16}},"loc":{"start":{"line":8,"column":34},"end":{"line":13,"column":5}},"line":8}},"branchMap":{},"s":{"0":1,"1":1,"2":0,"3":1},"f":{"0":0},"b":{},"_coverageSchema":"1a1c01bbd47fc00a2c39e90264f33305004495a9","hash":"72b904cbb74f477909aad9d7da8142645e4be7f6"}
,"C:\\Users\\Kaveh\\Desktop\\redux practice\\src\\store\\middleware\\api.js": {"path":"C:\\Users\\Kaveh\\Desktop\\redux practice\\src\\store\\middleware\\api.js","statementMap":{"0":{"start":{"line":4,"column":12},"end":{"line":30,"column":1}},"1":{"start":{"line":4,"column":30},"end":{"line":30,"column":1}},"2":{"start":{"line":4,"column":40},"end":{"line":30,"column":1}},"3":{"start":{"line":5,"column":2},"end":{"line":5,"column":61}},"4":{"start":{"line":5,"column":41},"end":{"line":5,"column":61}},"5":{"start":{"line":7,"column":61},"end":{"line":7,"column":75}},"6":{"start":{"line":9,"column":2},"end":{"line":9,"column":43}},"7":{"start":{"line":9,"column":15},"end":{"line":9,"column":43}},"8":{"start":{"line":11,"column":2},"end":{"line":11,"column":15}},"9":{"start":{"line":13,"column":2},"end":{"line":29,"column":3}},"10":{"start":{"line":14,"column":21},"end":{"line":19,"column":6}},"11":{"start":{"line":21,"column":4},"end":{"line":21,"column":44}},"12":{"start":{"line":23,"column":4},"end":{"line":23,"column":73}},"13":{"start":{"line":23,"column":19},"end":{"line":23,"column":73}},"14":{"start":{"line":26,"column":4},"end":{"line":26,"column":41}},"15":{"start":{"line":28,"column":4},"end":{"line":28,"column":67}},"16":{"start":{"line":28,"column":17},"end":{"line":28,"column":67}}},"fnMap":{"0":{"name":"(anonymous_0)","decl":{"start":{"line":4,"column":12},"end":{"line":4,"column":13}},"loc":{"start":{"line":4,"column":30},"end":{"line":30,"column":1}},"line":4},"1":{"name":"(anonymous_1)","decl":{"start":{"line":4,"column":30},"end":{"line":4,"column":31}},"loc":{"start":{"line":4,"column":40},"end":{"line":30,"column":1}},"line":4},"2":{"name":"(anonymous_2)","decl":{"start":{"line":4,"column":40},"end":{"line":4,"column":41}},"loc":{"start":{"line":4,"column":58},"end":{"line":30,"column":1}},"line":4}},"branchMap":{"0":{"loc":{"start":{"line":5,"column":2},"end":{"line":5,"column":61}},"type":"if","locations":[{"start":{"line":5,"column":2},"end":{"line":5,"column":61}},{"start":{"line":5,"column":2},"end":{"line":5,"column":61}}],"line":5},"1":{"loc":{"start":{"line":9,"column":2},"end":{"line":9,"column":43}},"type":"if","locations":[{"start":{"line":9,"column":2},"end":{"line":9,"column":43}},{"start":{"line":9,"column":2},"end":{"line":9,"column":43}}],"line":9},"2":{"loc":{"start":{"line":23,"column":4},"end":{"line":23,"column":73}},"type":"if","locations":[{"start":{"line":23,"column":4},"end":{"line":23,"column":73}},{"start":{"line":23,"column":4},"end":{"line":23,"column":73}}],"line":23},"3":{"loc":{"start":{"line":28,"column":4},"end":{"line":28,"column":67}},"type":"if","locations":[{"start":{"line":28,"column":4},"end":{"line":28,"column":67}},{"start":{"line":28,"column":4},"end":{"line":28,"column":67}}],"line":28}},"s":{"0":1,"1":2,"2":2,"3":8,"4":6,"5":2,"6":2,"7":2,"8":2,"9":2,"10":2,"11":1,"12":1,"13":1,"14":1,"15":1,"16":1},"f":{"0":2,"1":2,"2":8},"b":{"0":[6,2],"1":[2,0],"2":[1,0],"3":[1,0]},"_coverageSchema":"1a1c01bbd47fc00a2c39e90264f33305004495a9","hash":"525a95ce8180241f3b1f87c335e744c1422b97f1"}
,"C:\\Users\\Kaveh\\Desktop\\redux practice\\src\\store\\middleware\\logger.js": {"path":"C:\\Users\\Kaveh\\Desktop\\redux practice\\src\\store\\middleware\\logger.js","statementMap":{"0":{"start":{"line":6,"column":15},"end":{"line":12,"column":1}},"1":{"start":{"line":6,"column":26},"end":{"line":12,"column":1}},"2":{"start":{"line":6,"column":37},"end":{"line":12,"column":1}},"3":{"start":{"line":6,"column":47},"end":{"line":12,"column":1}},"4":{"start":{"line":7,"column":2},"end":{"line":7,"column":32}},"5":{"start":{"line":8,"column":2},"end":{"line":8,"column":32}},"6":{"start":{"line":9,"column":2},"end":{"line":9,"column":30}},"7":{"start":{"line":10,"column":2},"end":{"line":10,"column":34}},"8":{"start":{"line":11,"column":2},"end":{"line":11,"column":15}}},"fnMap":{"0":{"name":"(anonymous_0)","decl":{"start":{"line":6,"column":15},"end":{"line":6,"column":16}},"loc":{"start":{"line":6,"column":26},"end":{"line":12,"column":1}},"line":6},"1":{"name":"(anonymous_1)","decl":{"start":{"line":6,"column":26},"end":{"line":6,"column":27}},"loc":{"start":{"line":6,"column":37},"end":{"line":12,"column":1}},"line":6},"2":{"name":"(anonymous_2)","decl":{"start":{"line":6,"column":37},"end":{"line":6,"column":38}},"loc":{"start":{"line":6,"column":47},"end":{"line":12,"column":1}},"line":6},"3":{"name":"(anonymous_3)","decl":{"start":{"line":6,"column":47},"end":{"line":6,"column":48}},"loc":{"start":{"line":6,"column":59},"end":{"line":12,"column":1}},"line":6}},"branchMap":{},"s":{"0":1,"1":0,"2":0,"3":0,"4":0,"5":0,"6":0,"7":0,"8":0},"f":{"0":0,"1":0,"2":0,"3":0},"b":{},"_coverageSchema":"1a1c01bbd47fc00a2c39e90264f33305004495a9","hash":"f5d3e30c1c620252159bc66ff38562d2d4762a60"}
,"C:\\Users\\Kaveh\\Desktop\\redux practice\\src\\store\\middleware\\thunk.js": {"path":"C:\\Users\\Kaveh\\Desktop\\redux practice\\src\\store\\middleware\\thunk.js","statementMap":{"0":{"start":{"line":1,"column":14},"end":{"line":4,"column":1}},"1":{"start":{"line":1,"column":42},"end":{"line":4,"column":1}},"2":{"start":{"line":1,"column":52},"end":{"line":4,"column":1}},"3":{"start":{"line":2,"column":2},"end":{"line":3,"column":20}},"4":{"start":{"line":2,"column":36},"end":{"line":2,"column":63}},"5":{"start":{"line":3,"column":7},"end":{"line":3,"column":20}}},"fnMap":{"0":{"name":"(anonymous_0)","decl":{"start":{"line":1,"column":14},"end":{"line":1,"column":15}},"loc":{"start":{"line":1,"column":42},"end":{"line":4,"column":1}},"line":1},"1":{"name":"(anonymous_1)","decl":{"start":{"line":1,"column":42},"end":{"line":1,"column":43}},"loc":{"start":{"line":1,"column":52},"end":{"line":4,"column":1}},"line":1},"2":{"name":"(anonymous_2)","decl":{"start":{"line":1,"column":52},"end":{"line":1,"column":53}},"loc":{"start":{"line":1,"column":64},"end":{"line":4,"column":1}},"line":1}},"branchMap":{"0":{"loc":{"start":{"line":2,"column":2},"end":{"line":3,"column":20}},"type":"if","locations":[{"start":{"line":2,"column":2},"end":{"line":3,"column":20}},{"start":{"line":2,"column":2},"end":{"line":3,"column":20}}],"line":2}},"s":{"0":1,"1":0,"2":0,"3":0,"4":0,"5":0},"f":{"0":0,"1":0,"2":0},"b":{"0":[0,0]},"_coverageSchema":"1a1c01bbd47fc00a2c39e90264f33305004495a9","hash":"1ca8e6e23314e78a91b5a47a8c02ffd188076eb8"}
,"C:\\Users\\Kaveh\\Desktop\\redux practice\\src\\store\\middleware\\toast.js": {"path":"C:\\Users\\Kaveh\\Desktop\\redux practice\\src\\store\\middleware\\toast.js","statementMap":{"0":{"start":{"line":1,"column":14},"end":{"line":5,"column":1}},"1":{"start":{"line":1,"column":42},"end":{"line":5,"column":1}},"2":{"start":{"line":1,"column":52},"end":{"line":5,"column":1}},"3":{"start":{"line":2,"column":2},"end":{"line":4,"column":27}},"4":{"start":{"line":3,"column":4},"end":{"line":3,"column":54}},"5":{"start":{"line":4,"column":7},"end":{"line":4,"column":27}}},"fnMap":{"0":{"name":"(anonymous_0)","decl":{"start":{"line":1,"column":14},"end":{"line":1,"column":15}},"loc":{"start":{"line":1,"column":42},"end":{"line":5,"column":1}},"line":1},"1":{"name":"(anonymous_1)","decl":{"start":{"line":1,"column":42},"end":{"line":1,"column":43}},"loc":{"start":{"line":1,"column":52},"end":{"line":5,"column":1}},"line":1},"2":{"name":"(anonymous_2)","decl":{"start":{"line":1,"column":52},"end":{"line":1,"column":53}},"loc":{"start":{"line":1,"column":64},"end":{"line":5,"column":1}},"line":1}},"branchMap":{"0":{"loc":{"start":{"line":2,"column":2},"end":{"line":4,"column":27}},"type":"if","locations":[{"start":{"line":2,"column":2},"end":{"line":4,"column":27}},{"start":{"line":2,"column":2},"end":{"line":4,"column":27}}],"line":2}},"s":{"0":1,"1":2,"2":2,"3":8,"4":0,"5":8},"f":{"0":2,"1":2,"2":8},"b":{"0":[0,8]},"_coverageSchema":"1a1c01bbd47fc00a2c39e90264f33305004495a9","hash":"c1887a0b0d5663ecaf55f24bf1d6a1f03debea0d"}
,"C:\\Users\\Kaveh\\Desktop\\redux practice\\src\\test\\math.js": {"path":"C:\\Users\\Kaveh\\Desktop\\redux practice\\src\\test\\math.js","statementMap":{"0":{"start":{"line":1,"column":22},"end":{"line":1,"column":44}},"1":{"start":{"line":1,"column":31},"end":{"line":1,"column":44}}},"fnMap":{"0":{"name":"(anonymous_0)","decl":{"start":{"line":1,"column":22},"end":{"line":1,"column":23}},"loc":{"start":{"line":1,"column":31},"end":{"line":1,"column":44}},"line":1}},"branchMap":{},"s":{"0":1,"1":2},"f":{"0":2},"b":{},"_coverageSchema":"1a1c01bbd47fc00a2c39e90264f33305004495a9","hash":"16759b07c6a1ba9e03e1d06b67b9cf39a7c4f00d"}
}
