TN:
SF:src\store\api.js
FNF:0
FNH:0
DA:3,1
DA:4,1
DA:5,1
LF:3
LH:3
BRF:0
BRH:0
end_of_record
TN:
SF:src\store\bugs.js
FN:16,(anonymous_0)
FN:20,(anonymous_1)
FN:26,(anonymous_2)
FN:30,(anonymous_3)
FN:34,(anonymous_4)
FN:35,(anonymous_5)
FN:38,(anonymous_6)
FN:40,(anonymous_7)
FN:45,(anonymous_8)
FN:47,(anonymous_9)
FN:69,(anonymous_10)
FN:70,(anonymous_11)
FN:70,(anonymous_12)
FN:73,(anonymous_13)
FN:75,(anonymous_14)
FN:76,(anonymous_15)
FN:76,(anonymous_16)
FN:81,(anonymous_17)
FN:81,(anonymous_18)
FN:98,(anonymous_19)
FN:109,(anonymous_20)
FN:119,(anonymous_21)
FNF:22
FNH:4
FNDA:2,(anonymous_0)
FNDA:0,(anonymous_1)
FNDA:1,(anonymous_2)
FNDA:1,(anonymous_3)
FNDA:0,(anonymous_4)
FNDA:0,(anonymous_5)
FNDA:0,(anonymous_6)
FNDA:0,(anonymous_7)
FNDA:0,(anonymous_8)
FNDA:0,(anonymous_9)
FNDA:0,(anonymous_10)
FNDA:0,(anonymous_11)
FNDA:0,(anonymous_12)
FNDA:0,(anonymous_13)
FNDA:0,(anonymous_14)
FNDA:0,(anonymous_15)
FNDA:0,(anonymous_16)
FNDA:0,(anonymous_17)
FNDA:0,(anonymous_18)
FNDA:2,(anonymous_19)
FNDA:0,(anonymous_20)
FNDA:0,(anonymous_21)
DA:6,1
DA:17,2
DA:21,0
DA:22,0
DA:23,0
DA:27,1
DA:31,1
DA:35,0
DA:39,0
DA:40,0
DA:42,0
DA:46,0
DA:47,0
DA:48,0
DA:61,1
DA:68,1
DA:69,0
DA:70,0
DA:73,1
DA:74,0
DA:75,0
DA:76,0
DA:80,1
DA:81,1
DA:82,0
DA:84,0
DA:86,0
DA:88,0
DA:98,1
DA:99,2
DA:109,1
DA:110,0
DA:119,1
DA:120,0
LF:34
LH:13
BRDA:86,0,0,0
BRDA:86,0,1,0
BRF:2
BRH:0
end_of_record
TN:
SF:src\store\configureStore.js
FN:10,(anonymous_0)
FNF:1
FNH:1
FNDA:2,(anonymous_0)
DA:11,2
LF:1
LH:1
BRF:0
BRH:0
end_of_record
TN:
SF:src\store\entities.js
FNF:0
FNH:0
LF:0
LH:0
BRF:0
BRH:0
end_of_record
TN:
SF:src\store\projects.js
FN:8,(anonymous_0)
FN:14,(anonymous_1)
FN:15,(anonymous_2)
FNF:3
FNH:0
FNDA:0,(anonymous_0)
FNDA:0,(anonymous_1)
FNDA:0,(anonymous_2)
DA:3,1
DA:4,1
DA:9,0
DA:15,0
DA:20,1
LF:5
LH:3
BRF:0
BRH:0
end_of_record
TN:
SF:src\store\reducer.js
FNF:0
FNH:0
LF:0
LH:0
BRF:0
BRH:0
end_of_record
TN:
SF:src\store\users.js
FN:8,(anonymous_0)
FNF:1
FNH:0
FNDA:0,(anonymous_0)
DA:3,1
DA:4,1
DA:9,0
DA:17,1
LF:4
LH:3
BRF:0
BRH:0
end_of_record
TN:
SF:src\store\middleware\api.js
FN:4,(anonymous_0)
FN:4,(anonymous_1)
FN:4,(anonymous_2)
FNF:3
FNH:3
FNDA:2,(anonymous_0)
FNDA:2,(anonymous_1)
FNDA:8,(anonymous_2)
DA:4,2
DA:5,8
DA:7,2
DA:9,2
DA:11,2
DA:13,2
DA:14,2
DA:21,1
DA:23,1
DA:26,1
DA:28,1
LF:11
LH:11
BRDA:5,0,0,6
BRDA:5,0,1,2
BRDA:9,1,0,2
BRDA:9,1,1,0
BRDA:23,2,0,1
BRDA:23,2,1,0
BRDA:28,3,0,1
BRDA:28,3,1,0
BRF:8
BRH:5
end_of_record
TN:
SF:src\store\middleware\logger.js
FN:6,(anonymous_0)
FN:6,(anonymous_1)
FN:6,(anonymous_2)
FN:6,(anonymous_3)
FNF:4
FNH:0
FNDA:0,(anonymous_0)
FNDA:0,(anonymous_1)
FNDA:0,(anonymous_2)
FNDA:0,(anonymous_3)
DA:6,1
DA:7,0
DA:8,0
DA:9,0
DA:10,0
DA:11,0
LF:6
LH:1
BRF:0
BRH:0
end_of_record
TN:
SF:src\store\middleware\thunk.js
FN:1,(anonymous_0)
FN:1,(anonymous_1)
FN:1,(anonymous_2)
FNF:3
FNH:0
FNDA:0,(anonymous_0)
FNDA:0,(anonymous_1)
FNDA:0,(anonymous_2)
DA:1,1
DA:2,0
DA:3,0
LF:3
LH:1
BRDA:2,0,0,0
BRDA:2,0,1,0
BRF:2
BRH:0
end_of_record
TN:
SF:src\store\middleware\toast.js
FN:1,(anonymous_0)
FN:1,(anonymous_1)
FN:1,(anonymous_2)
FNF:3
FNH:3
FNDA:2,(anonymous_0)
FNDA:2,(anonymous_1)
FNDA:8,(anonymous_2)
DA:1,2
DA:2,8
DA:3,0
DA:4,8
LF:4
LH:3
BRDA:2,0,0,0
BRDA:2,0,1,8
BRF:2
BRH:1
end_of_record
TN:
SF:src\test\math.js
FN:1,(anonymous_0)
FNF:1
FNH:1
FNDA:2,(anonymous_0)
DA:1,2
LF:1
LH:1
BRF:0
BRH:0
end_of_record
